<?xml version="1.0" encoding="UTF-8"?>
<!-- Generated by org.testng.reporters.JUnitXMLReporter -->
<testsuite hostname="Hasan" name="Default test" tests="5" failures="0" timestamp="5 Jun 2016 21:25:20 GMT" time="0.054" errors="0">
  <testcase name="TestFour" time="0.022" classname="com.gitsonly.GitAutomation"/>
  <testcase name="TestOne" time="0.0" classname="com.gitsonly.GitAutomation"/>
  <testcase name="TestSix" time="0.016" classname="com.gitsonly.GitAutomation"/>
  <testcase name="TestThree" time="0.0" classname="com.gitsonly.GitAutomation"/>
  <testcase name="TestTwo" time="0.0" classname="com.gitsonly.GitAutomation"/>
</testsuite> <!-- Default test -->
