<?xml version="1.0" encoding="UTF-8"?>
<testng-results skipped="0" failed="0" total="1" passed="1">
  <reporter-output>
  </reporter-output>
  <suite name="Default suite" duration-ms="53" started-at="2016-06-02T01:48:39Z" finished-at="2016-06-02T01:48:39Z">
    <groups>
    </groups>
    <test name="Default test" duration-ms="53" started-at="2016-06-02T01:48:39Z" finished-at="2016-06-02T01:48:39Z">
      <class name="com.gitsonly.GitAutomation">
        <test-method status="PASS" signature="TestOne()[pri:0, instance:com.gitsonly.GitAutomation@76ae34]" name="TestOne" duration-ms="16" started-at="2016-06-01T21:48:39Z" finished-at="2016-06-01T21:48:39Z">
          <reporter-output>
          </reporter-output>
        </test-method> <!-- TestOne -->
      </class> <!-- com.gitsonly.GitAutomation -->
    </test> <!-- Default test -->
  </suite> <!-- Default suite -->
</testng-results>
