<?xml version="1.0" encoding="UTF-8"?>
<testng-results skipped="0" failed="0" total="1" passed="1">
  <reporter-output>
  </reporter-output>
  <suite name="Default suite" duration-ms="47" started-at="2016-06-05T21:40:22Z" finished-at="2016-06-05T21:40:22Z">
    <groups>
    </groups>
    <test name="Default test" duration-ms="47" started-at="2016-06-05T21:40:22Z" finished-at="2016-06-05T21:40:22Z">
      <class name="com.gitsonly.GitAutomation">
        <test-method status="PASS" signature="TestSeven()[pri:0, instance:com.gitsonly.GitAutomation@76ae34]" name="TestSeven" duration-ms="16" started-at="2016-06-05T17:40:22Z" finished-at="2016-06-05T17:40:22Z">
          <reporter-output>
          </reporter-output>
        </test-method> <!-- TestSeven -->
      </class> <!-- com.gitsonly.GitAutomation -->
    </test> <!-- Default test -->
  </suite> <!-- Default suite -->
</testng-results>
